.android/plugins_build_output/google_mobile_ads/outputs/logs/manifest-merger-debug-report.txt
-- Merging decision tree log ---
manifest
ADDED from src/main/AndroidManifest.xml:1:1-9:12
INJECTED from src/main/AndroidManifest.xml:1:1-9:12
	package
		ADDED from src/main/AndroidManifest.xml:2:3-47
		INJECTED from src/main/AndroidManifest.xml
	xmlns:android
		ADDED from src/main/AndroidManifest.xml:1:11-69
uses-permission#android.permission.INTERNET
ADDED from src/main/AndroidManifest.xml:3:3-65
	android:name
		ADDED from src/main/AndroidManifest.xml:3:20-62
application
ADDED from src/main/AndroidManifest.xml:4:3-8:17
meta-data#io.flutter.embedded_views_preview
ADDED from src/main/AndroidManifest.xml:5:5-7:30
	android:value
		ADDED from src/main/AndroidManifest.xml:7:7-27
	android:name
		ADDED from src/main/AndroidManifest.xml:6:7-55
uses-sdk
INJECTED from src/main/AndroidManifest.xml reason: use-sdk injection requested
INJECTED from src/main/AndroidManifest.xml
INJECTED from src/main/AndroidManifest.xml
	android:targetSdkVersion
		INJECTED from src/main/AndroidManifest.xml
	android:minSdkVersion
		INJECTED from src/main/AndroidManifest.xml